<?xml version="1.0" encoding="UTF-8"?>
<testng-results ignored="0" total="3" passed="1" failed="1" skipped="1">
  <reporter-output>
  </reporter-output>
  <suite started-at="2024-09-11T13:55:19Z" name="Default suite" finished-at="2024-09-11T13:55:55Z" duration-ms="36603">
    <groups>
      <group name="Purchase">
        <method signature="SubmitOrderTest.submitOrder(java.util.HashMap)[pri:0, instance:rahulshettyacademy.tests.SubmitOrderTest@4f0100a7]" name="submitOrder" class="rahulshettyacademy.tests.SubmitOrderTest"/>
      </group> <!-- Purchase -->
    </groups>
    <test started-at="2024-09-11T13:55:19Z" name="Default test" finished-at="2024-09-11T13:55:55Z" duration-ms="36603">
      <class name="rahulshettyacademy.tests.SubmitOrderTest">
        <test-method is-config="true" signature="launchApplication()[pri:0, instance:rahulshettyacademy.tests.SubmitOrderTest@4f0100a7]" started-at="2024-09-11T13:55:19Z" name="launchApplication" finished-at="2024-09-11T13:55:29Z" duration-ms="10003" status="PASS">
          <reporter-output>
          </reporter-output>
        </test-method> <!-- launchApplication -->
        <test-method signature="submitOrder(java.util.HashMap)[pri:0, instance:rahulshettyacademy.tests.SubmitOrderTest@4f0100a7]" started-at="2024-09-11T13:55:29Z" name="submitOrder" data-provider="getData" finished-at="2024-09-11T13:55:33Z" duration-ms="3635" status="PASS">
          <params>
            <param index="0">
              <value>
                <![CDATA[{password=Iamking@000, product=ZARA COAT 3, email=anshika@gmail.com}]]>
              </value>
            </param>
          </params>
          <reporter-output>
          </reporter-output>
        </test-method> <!-- submitOrder -->
        <test-method is-config="true" signature="tearDown()[pri:0, instance:rahulshettyacademy.tests.SubmitOrderTest@4f0100a7]" started-at="2024-09-11T13:55:33Z" name="tearDown" finished-at="2024-09-11T13:55:34Z" duration-ms="1464" status="PASS">
          <reporter-output>
          </reporter-output>
        </test-method> <!-- tearDown -->
        <test-method is-config="true" signature="launchApplication()[pri:0, instance:rahulshettyacademy.tests.SubmitOrderTest@4f0100a7]" started-at="2024-09-11T13:55:34Z" name="launchApplication" finished-at="2024-09-11T13:55:43Z" duration-ms="9098" status="PASS">
          <reporter-output>
          </reporter-output>
        </test-method> <!-- launchApplication -->
        <test-method signature="submitOrder(java.util.HashMap)[pri:0, instance:rahulshettyacademy.tests.SubmitOrderTest@4f0100a7]" started-at="2024-09-11T13:55:43Z" name="submitOrder" data-provider="getData" finished-at="2024-09-11T13:55:54Z" duration-ms="10589" status="FAIL">
          <params>
            <param index="0">
              <value>
                <![CDATA[{password=Iamking@000, product=ADIDAS ORIGINAL, email=shetty@gmail.com}]]>
              </value>
            </param>
          </params>
          <exception class="org.openqa.selenium.TimeoutException">
            <message>
              <![CDATA[Expected condition failed: waiting for visibility of element located by By.cssSelector: .mb-3 (tried for 5 second(s) with 500 milliseconds interval)
Build info: version: '4.3.0', revision: 'a4995e2c09*'
System info: host: 'VIKASHSHARMA', ip: '192.168.65.88', os.name: 'Windows 11', os.arch: 'amd64', os.version: '10.0', java.version: '21.0.3'
Driver info: org.openqa.selenium.firefox.FirefoxDriver
Capabilities {acceptInsecureCerts: true, browserName: firefox, browserVersion: 130.0, moz:accessibilityChecks: false, moz:buildID: 20240829075237, moz:geckodriverVersion: 0.35.0, moz:headless: false, moz:platformVersion: 10.0, moz:processID: 26724, moz:profile: C:\Users\USERVI~1\AppData\L..., moz:shutdownTimeout: 60000, moz:webdriverClick: true, moz:windowless: false, pageLoadStrategy: normal, platformName: WINDOWS, proxy: Proxy(), setWindowRect: true, strictFileInteractability: false, timeouts: {implicit: 0, pageLoad: 300000, script: 30000}, unhandledPromptBehavior: dismiss and notify, userAgent: Mozilla/5.0 (Windows NT 10....}
Session ID: 66ae1e1e-f511-45b2-b123-6430ddcc1002]]>
            </message>
            <full-stacktrace>
              <![CDATA[org.openqa.selenium.TimeoutException: Expected condition failed: waiting for visibility of element located by By.cssSelector: .mb-3 (tried for 5 second(s) with 500 milliseconds interval)
Build info: version: '4.3.0', revision: 'a4995e2c09*'
System info: host: 'VIKASHSHARMA', ip: '192.168.65.88', os.name: 'Windows 11', os.arch: 'amd64', os.version: '10.0', java.version: '21.0.3'
Driver info: org.openqa.selenium.firefox.FirefoxDriver
Capabilities {acceptInsecureCerts: true, browserName: firefox, browserVersion: 130.0, moz:accessibilityChecks: false, moz:buildID: 20240829075237, moz:geckodriverVersion: 0.35.0, moz:headless: false, moz:platformVersion: 10.0, moz:processID: 26724, moz:profile: C:\Users\USERVI~1\AppData\L..., moz:shutdownTimeout: 60000, moz:webdriverClick: true, moz:windowless: false, pageLoadStrategy: normal, platformName: WINDOWS, proxy: Proxy(), setWindowRect: true, strictFileInteractability: false, timeouts: {implicit: 0, pageLoad: 300000, script: 30000}, unhandledPromptBehavior: dismiss and notify, userAgent: Mozilla/5.0 (Windows NT 10....}
Session ID: 66ae1e1e-f511-45b2-b123-6430ddcc1002
at org.openqa.selenium.support.ui.WebDriverWait.timeoutException(WebDriverWait.java:87)
at org.openqa.selenium.support.ui.FluentWait.until(FluentWait.java:231)
at rahulshettyacademy.AbstractComponents.AbstractComponent.waitForElementToAppear(AbstractComponent.java:45)
at rahulshettyacademy.pageobjects.ProductCatalogue.getProductList(ProductCatalogue.java:37)
at rahulshettyacademy.tests.SubmitOrderTest.submitOrder(SubmitOrderTest.java:44)
at java.base/jdk.internal.reflect.DirectMethodHandleAccessor.invoke(DirectMethodHandleAccessor.java:103)
at java.base/java.lang.reflect.Method.invoke(Method.java:580)
at org.testng.internal.MethodInvocationHelper.invokeMethod(MethodInvocationHelper.java:124)
at org.testng.internal.Invoker.invokeMethod(Invoker.java:583)
at org.testng.internal.Invoker.invokeTestMethod(Invoker.java:719)
at org.testng.internal.Invoker.invokeTestMethods(Invoker.java:989)
at org.testng.internal.TestMethodWorker.invokeTestMethods(TestMethodWorker.java:125)
at org.testng.internal.TestMethodWorker.run(TestMethodWorker.java:109)
at org.testng.TestRunner.privateRun(TestRunner.java:648)
at org.testng.TestRunner.run(TestRunner.java:505)
at org.testng.SuiteRunner.runTest(SuiteRunner.java:455)
at org.testng.SuiteRunner.runSequentially(SuiteRunner.java:450)
at org.testng.SuiteRunner.privateRun(SuiteRunner.java:415)
at org.testng.SuiteRunner.run(SuiteRunner.java:364)
at org.testng.SuiteRunnerWorker.runSuite(SuiteRunnerWorker.java:52)
at org.testng.SuiteRunnerWorker.run(SuiteRunnerWorker.java:84)
at org.testng.TestNG.runSuitesSequentially(TestNG.java:1208)
at org.testng.TestNG.runSuitesLocally(TestNG.java:1137)
at org.testng.TestNG.runSuites(TestNG.java:1049)
at org.testng.TestNG.run(TestNG.java:1017)
at org.testng.remote.AbstractRemoteTestNG.run(AbstractRemoteTestNG.java:115)
at org.testng.remote.RemoteTestNG.initAndRun(RemoteTestNG.java:293)
at org.testng.remote.RemoteTestNG.main(RemoteTestNG.java:91)
]]>
            </full-stacktrace>
          </exception> <!-- org.openqa.selenium.TimeoutException -->
          <reporter-output>
          </reporter-output>
        </test-method> <!-- submitOrder -->
        <test-method is-config="true" signature="tearDown()[pri:0, instance:rahulshettyacademy.tests.SubmitOrderTest@4f0100a7]" started-at="2024-09-11T13:55:54Z" name="tearDown" finished-at="2024-09-11T13:55:55Z" duration-ms="1458" status="PASS">
          <reporter-output>
          </reporter-output>
        </test-method> <!-- tearDown -->
        <test-method signature="OrderHistoryTest()[pri:0, instance:rahulshettyacademy.tests.SubmitOrderTest@4f0100a7]" started-at="2024-09-11T13:55:55Z" name="OrderHistoryTest" finished-at="2024-09-11T13:55:55Z" depends-on-methods="rahulshettyacademy.tests.SubmitOrderTest.submitOrder" duration-ms="0" status="SKIP">
          <exception class="java.lang.Throwable">
            <message>
              <![CDATA[Method SubmitOrderTest.OrderHistoryTest()[pri:0, instance:rahulshettyacademy.tests.SubmitOrderTest@4f0100a7] depends on not successfully finished methods]]>
            </message>
            <full-stacktrace>
              <![CDATA[java.lang.Throwable: Method SubmitOrderTest.OrderHistoryTest()[pri:0, instance:rahulshettyacademy.tests.SubmitOrderTest@4f0100a7] depends on not successfully finished methods
at org.testng.internal.Invoker.invokeTestMethods(Invoker.java:888)
at org.testng.internal.TestMethodWorker.invokeTestMethods(TestMethodWorker.java:125)
at org.testng.internal.TestMethodWorker.run(TestMethodWorker.java:109)
at org.testng.TestRunner.privateRun(TestRunner.java:648)
at org.testng.TestRunner.run(TestRunner.java:505)
at org.testng.SuiteRunner.runTest(SuiteRunner.java:455)
at org.testng.SuiteRunner.runSequentially(SuiteRunner.java:450)
at org.testng.SuiteRunner.privateRun(SuiteRunner.java:415)
at org.testng.SuiteRunner.run(SuiteRunner.java:364)
at org.testng.SuiteRunnerWorker.runSuite(SuiteRunnerWorker.java:52)
at org.testng.SuiteRunnerWorker.run(SuiteRunnerWorker.java:84)
at org.testng.TestNG.runSuitesSequentially(TestNG.java:1208)
at org.testng.TestNG.runSuitesLocally(TestNG.java:1137)
at org.testng.TestNG.runSuites(TestNG.java:1049)
at org.testng.TestNG.run(TestNG.java:1017)
at org.testng.remote.AbstractRemoteTestNG.run(AbstractRemoteTestNG.java:115)
at org.testng.remote.RemoteTestNG.initAndRun(RemoteTestNG.java:293)
at org.testng.remote.RemoteTestNG.main(RemoteTestNG.java:91)
]]>
            </full-stacktrace>
          </exception> <!-- java.lang.Throwable -->
          <reporter-output>
          </reporter-output>
        </test-method> <!-- OrderHistoryTest -->
      </class> <!-- rahulshettyacademy.tests.SubmitOrderTest -->
    </test> <!-- Default test -->
  </suite> <!-- Default suite -->
</testng-results>
